#
# A fatal error has been detected by the Java Runtime Environment:
#
#  Internal Error (vmThread.cpp:658), pid=3096, tid=0x0000000000002b20
#  fatal error: Nested VM operation CollectForMetadataAllocation requested by operation ChangeBreakpoints
#
# JRE version: Java(TM) SE Runtime Environment (8.0_151-b12) (build 1.8.0_151-b12)
# Java VM: Java HotSpot(TM) 64-Bit Server VM (25.151-b12 mixed mode windows-amd64 compressed oops)
# Failed to write core dump. Minidumps are not enabled by default on client versions of Windows
#
# If you would like to submit a bug report, please visit:
#   http://bugreport.java.com/bugreport/crash.jsp
#

---------------  T H R E A D  ---------------

Current thread (0x00000000051f7800):  VMThread [stack: 0x0000000006310000,0x0000000006410000] [id=11040]

Stack: [0x0000000006310000,0x0000000006410000]
[error occurred during error reporting (printing stack bounds), id 0xc0000005]

Native frames: (J=compiled Java code, j=interpreted, Vv=VM code, C=native code)

VM_Operation (0x000000000627f7c0): ChangeBreakpoints, mode: safepoint, requested by thread 0x0000000006784800


---------------  P R O C E S S  ---------------

Java Threads: ( => current thread )
  0x000000000b55a800 JavaThread "Exec Stream Pumper" daemon [_thread_in_native, id=9668, stack(0x0000000009680000,0x0000000009780000)]
  0x000000000b559800 JavaThread "Exec Stream Pumper" daemon [_thread_in_native, id=3596, stack(0x00000000094d0000,0x00000000095d0000)]
  0x000000000b558000 JavaThread "Exec Default Executor" daemon [_thread_in_native, id=10660, stack(0x0000000007080000,0x0000000007180000)]
  0x000000000b557800 JavaThread "pool-1-thread-1" [_thread_blocked, id=3432, stack(0x0000000007aa0000,0x0000000007ba0000)]
  0x000000000a80d000 JavaThread "ReaderThread" [_thread_in_native, id=11856, stack(0x0000000007c20000,0x0000000007d20000)]
  0x0000000006819800 JavaThread "Service Thread" daemon [_thread_blocked, id=11584, stack(0x0000000007940000,0x0000000007a40000)]
  0x0000000006813800 JavaThread "C1 CompilerThread2" daemon [_thread_blocked, id=3420, stack(0x00000000075a0000,0x00000000076a0000)]
  0x00000000067ae000 JavaThread "C2 CompilerThread1" daemon [_thread_blocked, id=3412, stack(0x0000000007810000,0x0000000007910000)]
  0x00000000067aa000 JavaThread "C2 CompilerThread0" daemon [_thread_blocked, id=11996, stack(0x00000000076f0000,0x00000000077f0000)]
  0x0000000006791000 JavaThread "JDWP Command Reader" daemon [_thread_in_native, id=9416, stack(0x0000000007480000,0x0000000007580000)]
  0x000000000678f000 JavaThread "JDWP Event Helper Thread" daemon [_thread_blocked, id=9468, stack(0x0000000007340000,0x0000000007440000)]
  0x0000000006784800 JavaThread "JDWP Transport Listener: dt_socket" daemon [_thread_blocked, id=7868, stack(0x0000000006180000,0x0000000006280000)]
  0x0000000006778800 JavaThread "Attach Listener" daemon [_thread_blocked, id=10864, stack(0x0000000006d70000,0x0000000006e70000)]
  0x000000000525e800 JavaThread "Signal Dispatcher" daemon [_thread_blocked, id=11912, stack(0x0000000006bc0000,0x0000000006cc0000)]
  0x0000000005246800 JavaThread "Finalizer" daemon [_thread_blocked, id=11292, stack(0x0000000006670000,0x0000000006770000)]
  0x00000000051fd800 JavaThread "Reference Handler" daemon [_thread_blocked, id=12268, stack(0x0000000006560000,0x0000000006660000)]
  0x0000000002c7e000 JavaThread "main" [_thread_blocked, id=8736, stack(0x0000000002c90000,0x0000000002d90000)]

Other Threads:
=>0x00000000051f7800 VMThread [stack: 0x0000000006310000,0x0000000006410000] [id=11040]
  0x000000000691b000 WatcherThread [stack: 0x0000000006460000,0x0000000006560000] [id=6456]

VM state:at safepoint (normal execution)

VM Mutex/Monitor currently owned by a thread:  ([mutex/lock_event])
[0x0000000002c7b080] Threads_lock - owner thread: 0x00000000051f7800

Heap:
 PSYoungGen      total 35328K, used 19877K [0x00000000d6600000, 0x00000000d8e00000, 0x0000000100000000)
  eden space 30720K, 50% used [0x00000000d6600000,0x00000000d7500d00,0x00000000d8400000)
  from space 4608K, 97% used [0x00000000d8980000,0x00000000d8de8838,0x00000000d8e00000)
  to   space 5120K, 0% used [0x00000000d8400000,0x00000000d8400000,0x00000000d8900000)
 ParOldGen       total 86016K, used 2941K [0x0000000083200000, 0x0000000088600000, 0x00000000d6600000)
  object space 86016K, 3% used [0x0000000083200000,0x00000000834df5f8,0x0000000088600000)
 Metaspace       used 20894K, capacity 21186K, committed 21248K, reserved 1067008K
  class space    used 2708K, capacity 2813K, committed 2816K, reserved 1048576K

Card table byte_map: [0x0000000003560000,0x0000000003950000] byte_map_base: 0x0000000003147000

Marking Bits: (ParMarkBitMap*) 0x00000000639bd850
 Begin Bits: [0x000000000e0f0000, 0x0000000010028000)
 End Bits:   [0x0000000010028000, 0x0000000011f60000)

Polling page: 0x0000000000380000

CodeCache: size=245760Kb used=6053Kb max_used=6416Kb free=239706Kb
 bounds [0x0000000020210000, 0x0000000020860000, 0x000000002f210000]
 total_blobs=2125 nmethods=1737 adapters=309
 compilation: enabled

Compilation events (10 events):
Event: 72.473 Thread 0x0000000006813800 1876       3       java.util.regex.Pattern::compile (10 bytes)
Event: 72.474 Thread 0x0000000006813800 nmethod 1876 0x0000000020492050 code [0x00000000204921c0, 0x00000000204923a8]
Event: 72.474 Thread 0x0000000006813800 1878       3       java.lang.StringBuilder::getChars (10 bytes)
Event: 72.474 Thread 0x0000000006813800 nmethod 1878 0x0000000020491c50 code [0x0000000020491dc0, 0x0000000020491f88]
Event: 72.474 Thread 0x0000000006813800 1879       3       java.lang.AbstractStringBuilder::getChars (64 bytes)
Event: 72.474 Thread 0x0000000006813800 nmethod 1879 0x0000000020427bd0 code [0x0000000020427da0, 0x0000000020428358]
Event: 72.474 Thread 0x0000000006813800 1877       3       java.util.Arrays$ArrayList::toArray (11 bytes)
Event: 72.474 Thread 0x0000000006813800 nmethod 1877 0x0000000020471710 code [0x0000000020471880, 0x0000000020471b88]
Event: 75.772 Thread 0x00000000067ae000 1880       4       java.util.HashMap$HashIterator::<init> (79 bytes)
Event: 75.780 Thread 0x00000000067ae000 nmethod 1880 0x0000000020420090 code [0x00000000204201e0, 0x00000000204204d8]

GC Heap History (10 events):
Event: 3.859 GC heap before
{Heap before GC invocations=4 (full 0):
 PSYoungGen      total 37888K, used 36157K [0x00000000d6600000, 0x00000000d9000000, 0x0000000100000000)
  eden space 32768K, 100% used [0x00000000d6600000,0x00000000d8600000,0x00000000d8600000)
  from space 5120K, 66% used [0x00000000d8600000,0x00000000d894f420,0x00000000d8b00000)
  to   space 5120K, 0% used [0x00000000d8b00000,0x00000000d8b00000,0x00000000d9000000)
 ParOldGen       total 86016K, used 24K [0x0000000083200000, 0x0000000088600000, 0x00000000d6600000)
  object space 86016K, 0% used [0x0000000083200000,0x0000000083206000,0x0000000088600000)
 Metaspace       used 10484K, capacity 10562K, committed 10880K, reserved 1058816K
  class space    used 1287K, capacity 1301K, committed 1408K, reserved 1048576K
Event: 3.863 GC heap after
Heap after GC invocations=4 (full 0):
 PSYoungGen      total 37888K, used 3546K [0x00000000d6600000, 0x00000000d9000000, 0x0000000100000000)
  eden space 32768K, 0% used [0x00000000d6600000,0x00000000d6600000,0x00000000d8600000)
  from space 5120K, 69% used [0x00000000d8b00000,0x00000000d8e769b0,0x00000000d9000000)
  to   space 5120K, 0% used [0x00000000d8600000,0x00000000d8600000,0x00000000d8b00000)
 ParOldGen       total 86016K, used 32K [0x0000000083200000, 0x0000000088600000, 0x00000000d6600000)
  object space 86016K, 0% used [0x0000000083200000,0x0000000083208000,0x0000000088600000)
 Metaspace       used 10484K, capacity 10562K, committed 10880K, reserved 1058816K
  class space    used 1287K, capacity 1301K, committed 1408K, reserved 1048576K
}
Event: 4.372 GC heap before
{Heap before GC invocations=5 (full 0):
 PSYoungGen      total 37888K, used 36314K [0x00000000d6600000, 0x00000000d9000000, 0x0000000100000000)
  eden space 32768K, 100% used [0x00000000d6600000,0x00000000d8600000,0x00000000d8600000)
  from space 5120K, 69% used [0x00000000d8b00000,0x00000000d8e769b0,0x00000000d9000000)
  to   space 5120K, 0% used [0x00000000d8600000,0x00000000d8600000,0x00000000d8b00000)
 ParOldGen       total 86016K, used 32K [0x0000000083200000, 0x0000000088600000, 0x00000000d6600000)
  object space 86016K, 0% used [0x0000000083200000,0x0000000083208000,0x0000000088600000)
 Metaspace       used 12044K, capacity 12104K, committed 12416K, reserved 1060864K
  class space    used 1521K, capacity 1558K, committed 1664K, reserved 1048576K
Event: 4.378 GC heap after
Heap after GC invocations=5 (full 0):
 PSYoungGen      total 36864K, used 4154K [0x00000000d6600000, 0x00000000d8e80000, 0x0000000100000000)
  eden space 32256K, 0% used [0x00000000d6600000,0x00000000d6600000,0x00000000d8580000)
  from space 4608K, 90% used [0x00000000d8600000,0x00000000d8a0e978,0x00000000d8a80000)
  to   space 4096K, 0% used [0x00000000d8a80000,0x00000000d8a80000,0x00000000d8e80000)
 ParOldGen       total 86016K, used 104K [0x0000000083200000, 0x0000000088600000, 0x00000000d6600000)
  object space 86016K, 0% used [0x0000000083200000,0x000000008321a010,0x0000000088600000)
 Metaspace       used 12044K, capacity 12104K, committed 12416K, reserved 1060864K
  class space    used 1521K, capacity 1558K, committed 1664K, reserved 1048576K
}
Event: 5.466 GC heap before
{Heap before GC invocations=6 (full 0):
 PSYoungGen      total 36864K, used 36410K [0x00000000d6600000, 0x00000000d8e80000, 0x0000000100000000)
  eden space 32256K, 100% used [0x00000000d6600000,0x00000000d8580000,0x00000000d8580000)
  from space 4608K, 90% used [0x00000000d8600000,0x00000000d8a0e978,0x00000000d8a80000)
  to   space 4096K, 0% used [0x00000000d8a80000,0x00000000d8a80000,0x00000000d8e80000)
 ParOldGen       total 86016K, used 104K [0x0000000083200000, 0x0000000088600000, 0x00000000d6600000)
  object space 86016K, 0% used [0x0000000083200000,0x000000008321a010,0x0000000088600000)
 Metaspace       used 14429K, capacity 14542K, committed 14720K, reserved 1062912K
  class space    used 1849K, capacity 1879K, committed 1920K, reserved 1048576K
Event: 5.474 GC heap after
Heap after GC invocations=6 (full 0):
 PSYoungGen      total 35840K, used 4075K [0x00000000d6600000, 0x00000000d8f00000, 0x0000000100000000)
  eden space 31744K, 0% used [0x00000000d6600000,0x00000000d6600000,0x00000000d8500000)
  from space 4096K, 99% used [0x00000000d8a80000,0x00000000d8e7ad38,0x00000000d8e80000)
  to   space 5120K, 0% used [0x00000000d8500000,0x00000000d8500000,0x00000000d8a00000)
 ParOldGen       total 86016K, used 443K [0x0000000083200000, 0x0000000088600000, 0x00000000d6600000)
  object space 86016K, 0% used [0x0000000083200000,0x000000008326ee30,0x0000000088600000)
 Metaspace       used 14429K, capacity 14542K, committed 14720K, reserved 1062912K
  class space    used 1849K, capacity 1879K, committed 1920K, reserved 1048576K
}
Event: 6.430 GC heap before
{Heap before GC invocations=7 (full 0):
 PSYoungGen      total 35840K, used 35761K [0x00000000d6600000, 0x00000000d8f00000, 0x0000000100000000)
  eden space 31744K, 99% used [0x00000000d6600000,0x00000000d84f1910,0x00000000d8500000)
  from space 4096K, 99% used [0x00000000d8a80000,0x00000000d8e7ad38,0x00000000d8e80000)
  to   space 5120K, 0% used [0x00000000d8500000,0x00000000d8500000,0x00000000d8a00000)
 ParOldGen       total 86016K, used 443K [0x0000000083200000, 0x0000000088600000, 0x00000000d6600000)
  object space 86016K, 0% used [0x0000000083200000,0x000000008326ee30,0x0000000088600000)
 Metaspace       used 18207K, capacity 18438K, committed 18688K, reserved 1064960K
  class space    used 2333K, capacity 2445K, committed 2560K, reserved 1048576K
Event: 6.439 GC heap after
Heap after GC invocations=7 (full 0):
 PSYoungGen      total 35840K, used 4243K [0x00000000d6600000, 0x00000000d8e80000, 0x0000000100000000)
  eden space 31232K, 0% used [0x00000000d6600000,0x00000000d6600000,0x00000000d8480000)
  from space 4608K, 92% used [0x00000000d8500000,0x00000000d8924df8,0x00000000d8980000)
  to   space 5120K, 0% used [0x00000000d8980000,0x00000000d8980000,0x00000000d8e80000)
 ParOldGen       total 86016K, used 2541K [0x0000000083200000, 0x0000000088600000, 0x00000000d6600000)
  object space 86016K, 2% used [0x0000000083200000,0x000000008347b5f8,0x0000000088600000)
 Metaspace       used 18207K, capacity 18438K, committed 18688K, reserved 1064960K
  class space    used 2333K, capacity 2445K, committed 2560K, reserved 1048576K
}
Event: 8.072 GC heap before
{Heap before GC invocations=8 (full 0):
 PSYoungGen      total 35840K, used 35475K [0x00000000d6600000, 0x00000000d8e80000, 0x0000000100000000)
  eden space 31232K, 100% used [0x00000000d6600000,0x00000000d8480000,0x00000000d8480000)
  from space 4608K, 92% used [0x00000000d8500000,0x00000000d8924df8,0x00000000d8980000)
  to   space 5120K, 0% used [0x00000000d8980000,0x00000000d8980000,0x00000000d8e80000)
 ParOldGen       total 86016K, used 2541K [0x0000000083200000, 0x0000000088600000, 0x00000000d6600000)
  object space 86016K, 2% used [0x0000000083200000,0x000000008347b5f8,0x0000000088600000)
 Metaspace       used 20048K, capacity 20270K, committed 20480K, reserved 1067008K
  class space    used 2610K, capacity 2735K, committed 2816K, reserved 1048576K
Event: 8.083 GC heap after
Heap after GC invocations=8 (full 0):
 PSYoungGen      total 35328K, used 4514K [0x00000000d6600000, 0x00000000d8e00000, 0x0000000100000000)
  eden space 30720K, 0% used [0x00000000d6600000,0x00000000d6600000,0x00000000d8400000)
  from space 4608K, 97% used [0x00000000d8980000,0x00000000d8de8838,0x00000000d8e00000)
  to   space 5120K, 0% used [0x00000000d8400000,0x00000000d8400000,0x00000000d8900000)
 ParOldGen       total 86016K, used 2941K [0x0000000083200000, 0x0000000088600000, 0x00000000d6600000)
  object space 86016K, 3% used [0x0000000083200000,0x00000000834df5f8,0x0000000088600000)
 Metaspace       used 20048K, capacity 20270K, committed 20480K, reserved 1067008K
  class space    used 2610K, capacity 2735K, committed 2816K, reserved 1048576K
}

Deoptimization events (10 events):
Event: 31.906 Thread 0x000000000b557800 Uncommon trap: reason=unhandled action=none pc=0x000000002084167c method=java.net.URLClassLoader.findClass(Ljava/lang/String;)Ljava/lang/Class; @ 44
Event: 31.906 Thread 0x000000000b557800 Uncommon trap: reason=unhandled action=none pc=0x000000002084167c method=java.net.URLClassLoader.findClass(Ljava/lang/String;)Ljava/lang/Class; @ 44
Event: 31.907 Thread 0x000000000b557800 Uncommon trap: reason=unhandled action=none pc=0x000000002084167c method=java.net.URLClassLoader.findClass(Ljava/lang/String;)Ljava/lang/Class; @ 44
Event: 32.968 Thread 0x000000000b557800 Uncommon trap: reason=unhandled action=none pc=0x000000002084167c method=java.net.URLClassLoader.findClass(Ljava/lang/String;)Ljava/lang/Class; @ 44
Event: 32.969 Thread 0x000000000b557800 Uncommon trap: reason=unhandled action=none pc=0x000000002084167c method=java.net.URLClassLoader.findClass(Ljava/lang/String;)Ljava/lang/Class; @ 44
Event: 32.970 Thread 0x000000000b557800 Uncommon trap: reason=unhandled action=none pc=0x000000002084167c method=java.net.URLClassLoader.findClass(Ljava/lang/String;)Ljava/lang/Class; @ 44
Event: 32.972 Thread 0x000000000b557800 Uncommon trap: reason=unhandled action=none pc=0x000000002084167c method=java.net.URLClassLoader.findClass(Ljava/lang/String;)Ljava/lang/Class; @ 44
Event: 32.973 Thread 0x000000000b557800 Uncommon trap: reason=unhandled action=none pc=0x000000002084167c method=java.net.URLClassLoader.findClass(Ljava/lang/String;)Ljava/lang/Class; @ 44
Event: 53.840 Thread 0x000000000b557800 Uncommon trap: reason=unhandled action=none pc=0x000000002084167c method=java.net.URLClassLoader.findClass(Ljava/lang/String;)Ljava/lang/Class; @ 44
Event: 53.842 Thread 0x000000000b557800 Uncommon trap: reason=unstable_if action=reinterpret pc=0x00000000203cfd74 method=sun.nio.cs.UTF_8$Encoder.encode([CII[B)I @ 33

Internal exceptions (10 events):
Event: 7.739 Thread 0x000000000b559000 Exception <a 'java/net/SocketTimeoutException': connect timed out> (0x00000000d748ccd8) thrown at [C:\re\workspace\8-2-build-windows-amd64-cygwin\jdk8u151\9699\hotspot\src\share\vm\prims\jni.cpp, line 735]
Event: 7.855 Thread 0x000000000b557800 Exception <a 'java/lang/ArrayIndexOutOfBoundsException': 139> (0x00000000d78a3ff8) thrown at [C:\re\workspace\8-2-build-windows-amd64-cygwin\jdk8u151\9699\hotspot\src\share\vm\interpreter\interpreterRuntime.cpp, line 366]
Event: 7.856 Thread 0x000000000b557800 Exception <a 'java/lang/ArrayIndexOutOfBoundsException': 60> (0x00000000d78a51a0) thrown at [C:\re\workspace\8-2-build-windows-amd64-cygwin\jdk8u151\9699\hotspot\src\share\vm\interpreter\interpreterRuntime.cpp, line 366]
Event: 7.858 Thread 0x000000000b557800 Exception <a 'java/lang/ArrayIndexOutOfBoundsException': 68> (0x00000000d78ac7d0) thrown at [C:\re\workspace\8-2-build-windows-amd64-cygwin\jdk8u151\9699\hotspot\src\share\vm\interpreter\interpreterRuntime.cpp, line 366]
Event: 7.859 Thread 0x000000000b557800 Exception <a 'java/lang/ArrayIndexOutOfBoundsException': 119> (0x00000000d78ae328) thrown at [C:\re\workspace\8-2-build-windows-amd64-cygwin\jdk8u151\9699\hotspot\src\share\vm\interpreter\interpreterRuntime.cpp, line 366]
Event: 7.859 Thread 0x000000000b557800 Exception <a 'java/lang/ArrayIndexOutOfBoundsException': 67> (0x00000000d78af758) thrown at [C:\re\workspace\8-2-build-windows-amd64-cygwin\jdk8u151\9699\hotspot\src\share\vm\interpreter\interpreterRuntime.cpp, line 366]
Event: 7.859 Thread 0x000000000b557800 Exception <a 'java/lang/ArrayIndexOutOfBoundsException': 65> (0x00000000d78b0cb0) thrown at [C:\re\workspace\8-2-build-windows-amd64-cygwin\jdk8u151\9699\hotspot\src\share\vm\interpreter\interpreterRuntime.cpp, line 366]
Event: 7.862 Thread 0x000000000b557800 Exception <a 'java/lang/ArrayIndexOutOfBoundsException': 139> (0x00000000d78beca8) thrown at [C:\re\workspace\8-2-build-windows-amd64-cygwin\jdk8u151\9699\hotspot\src\share\vm\interpreter\interpreterRuntime.cpp, line 366]
Event: 7.968 Thread 0x000000000b557800 Exception <a 'java/lang/ArrayIndexOutOfBoundsException': 90> (0x00000000d7eb8120) thrown at [C:\re\workspace\8-2-build-windows-amd64-cygwin\jdk8u151\9699\hotspot\src\share\vm\interpreter\interpreterRuntime.cpp, line 366]
Event: 7.968 Thread 0x000000000b557800 Exception <a 'java/lang/ArrayIndexOutOfBoundsException': 105> (0x00000000d7eb9a90) thrown at [C:\re\workspace\8-2-build-windows-amd64-cygwin\jdk8u151\9699\hotspot\src\share\vm\interpreter\interpreterRuntime.cpp, line 366]

Events (10 events):
Event: 236.805 Executing VM operation: ChangeBreakpoints done
Event: 236.994 Executing VM operation: ChangeBreakpoints
Event: 236.997 Executing VM operation: ChangeBreakpoints done
Event: 237.069 Executing VM operation: ChangeBreakpoints
Event: 237.071 Executing VM operation: ChangeBreakpoints done
Event: 237.089 Executing VM operation: ChangeBreakpoints
Event: 237.091 Executing VM operation: ChangeBreakpoints done
Event: 237.145 Executing VM operation: ChangeBreakpoints
Event: 237.147 Executing VM operation: ChangeBreakpoints done
Event: 237.199 Executing VM operation: ChangeBreakpoints


Dynamic libraries:
0x000000013f3f0000 - 0x000000013f427000 	C:\Program Files\Java\jre1.8.0_151\bin\javaw.exe
0x0000000076f40000 - 0x00000000770ea000 	C:\Windows\SYSTEM32\ntdll.dll
0x0000000076e20000 - 0x0000000076f3f000 	C:\Windows\system32\kernel32.dll
0x000007fefcd20000 - 0x000007fefcd8a000 	C:\Windows\system32\KERNELBASE.dll
0x000007fefdd50000 - 0x000007fefde2b000 	C:\Windows\system32\ADVAPI32.dll
0x000007fefd040000 - 0x000007fefd0df000 	C:\Windows\system32\msvcrt.dll
0x000007fefdac0000 - 0x000007fefdadf000 	C:\Windows\SYSTEM32\sechost.dll
0x000007fefd550000 - 0x000007fefd67d000 	C:\Windows\system32\RPCRT4.dll
0x0000000076d20000 - 0x0000000076e1a000 	C:\Windows\system32\USER32.dll
0x000007fefdae0000 - 0x000007fefdb47000 	C:\Windows\system32\GDI32.dll
0x000007fefd540000 - 0x000007fefd54e000 	C:\Windows\system32\LPK.dll
0x000007fefd680000 - 0x000007fefd74b000 	C:\Windows\system32\USP10.dll
0x000007fefb4a0000 - 0x000007fefb694000 	C:\Windows\WinSxS\amd64_microsoft.windows.common-controls_6595b64144ccf1df_6.0.7601.18837_none_fa3b1e3d17594757\COMCTL32.dll
0x000007fefde40000 - 0x000007fefdeb1000 	C:\Windows\system32\SHLWAPI.dll
0x000007fefcff0000 - 0x000007fefd01e000 	C:\Windows\system32\IMM32.DLL
0x000007fefd0e0000 - 0x000007fefd1e9000 	C:\Windows\system32\MSCTF.dll
0x000007fefbc00000 - 0x000007fefbcac000 	C:\Windows\system32\tmumh\20019\AddOn\7.0.0.1139\TmUmEvt64.dll
0x0000000077100000 - 0x0000000077107000 	C:\Windows\system32\PSAPI.DLL
0x0000000074880000 - 0x000000007499d000 	C:\Windows\system32\tmumh\20019\TmMon\2.5.0.2066\tmmon64.dll
0x000000005b070000 - 0x000000005b142000 	C:\Program Files\Java\jre1.8.0_151\bin\msvcr100.dll
0x00000000631a0000 - 0x0000000063a3d000 	C:\Program Files\Java\jre1.8.0_151\bin\server\jvm.dll
0x000007fef89a0000 - 0x000007fef89a9000 	C:\Windows\system32\WSOCK32.dll
0x000007fefd270000 - 0x000007fefd2bd000 	C:\Windows\system32\WS2_32.dll
0x0000000000370000 - 0x0000000000378000 	C:\Windows\system32\NSI.dll
0x000007fefa260000 - 0x000007fefa29b000 	C:\Windows\system32\WINMM.dll
0x000007fefba50000 - 0x000007fefba5c000 	C:\Windows\system32\VERSION.dll
0x0000000065ea0000 - 0x0000000065eaf000 	C:\Program Files\Java\jre1.8.0_151\bin\verify.dll
0x0000000064940000 - 0x0000000064969000 	C:\Program Files\Java\jre1.8.0_151\bin\java.dll
0x000000005b520000 - 0x000000005b555000 	C:\Program Files\Java\jre1.8.0_151\bin\jdwp.dll
0x000000005dfb0000 - 0x000000005dfb8000 	C:\Program Files\Java\jre1.8.0_151\bin\npt.dll
0x00000000648b0000 - 0x00000000648c6000 	C:\Program Files\Java\jre1.8.0_151\bin\zip.dll
0x000007fefdf20000 - 0x000007fefecab000 	C:\Windows\system32\SHELL32.dll
0x000007fefdb50000 - 0x000007fefdd4c000 	C:\Windows\system32\ole32.dll
0x000007fefcc30000 - 0x000007fefcc3f000 	C:\Windows\system32\profapi.dll
0x000000005e490000 - 0x000000005e499000 	C:\Program Files\Java\jre1.8.0_151\bin\dt_socket.dll
0x000007fefa410000 - 0x000007fefa425000 	C:\Windows\system32\NLAapi.dll
0x000007fefb190000 - 0x000007fefb1a5000 	C:\Windows\system32\napinsp.dll
0x000007fefbe20000 - 0x000007fefbe39000 	C:\Windows\system32\pnrpnsp.dll
0x000007fefbe10000 - 0x000007fefbe20000 	C:\Windows\system32\wshbth.dll
0x000007fefc400000 - 0x000007fefc455000 	C:\Windows\System32\mswsock.dll
0x000007fefc280000 - 0x000007fefc2db000 	C:\Windows\system32\DNSAPI.dll
0x000007fefb180000 - 0x000007fefb18b000 	C:\Windows\System32\winrnr.dll
0x000007fef99c0000 - 0x000007fef99e7000 	C:\Windows\system32\IPHLPAPI.DLL
0x000007fef99b0000 - 0x000007fef99bb000 	C:\Windows\system32\WINNSI.DLL
0x000007fef97a0000 - 0x000007fef97f3000 	C:\Windows\System32\fwpuclnt.dll
0x000007fef8740000 - 0x000007fef8748000 	C:\Windows\system32\rasadhlp.dll
0x000007fefbb20000 - 0x000007fefbb27000 	C:\Windows\System32\wshtcpip.dll
0x000000005e2a0000 - 0x000000005e2ba000 	C:\Program Files\Java\jre1.8.0_151\bin\net.dll
0x000007fefc3f0000 - 0x000007fefc3f7000 	C:\Windows\System32\wship6.dll
0x000007fefc460000 - 0x000007fefc478000 	C:\Windows\system32\CRYPTSP.dll
0x000007fefc160000 - 0x000007fefc1a7000 	C:\Windows\system32\rsaenh.dll
0x000007fefcd90000 - 0x000007fefcdae000 	C:\Windows\system32\USERENV.dll
0x000007fefcad0000 - 0x000007fefcadf000 	C:\Windows\system32\CRYPTBASE.dll
0x000007fef98e0000 - 0x000007fef98f1000 	C:\Windows\system32\dhcpcsvc6.DLL
0x000007fef98c0000 - 0x000007fef98d8000 	C:\Windows\system32\dhcpcsvc.DLL
0x000000005e140000 - 0x000000005e151000 	C:\Program Files\Java\jre1.8.0_151\bin\nio.dll
0x0000000061090000 - 0x00000000610b4000 	C:\Program Files\Java\jre1.8.0_151\bin\sunec.dll
0x000007fefca70000 - 0x000007fefcac7000 	C:\Windows\system32\apphelp.dll

VM Arguments:
jvm_args: -agentlib:jdwp=transport=dt_socket,suspend=y,address=localhost:60058 -Dfile.encoding=Cp1252 
java_command: org.eclipse.jdt.internal.junit.runner.RemoteTestRunner -version 3 -port 60029 -testLoaderClass org.eclipse.jdt.internal.junit4.runner.JUnit4TestLoader -loaderpluginname org.eclipse.jdt.junit4.runtime -classNames aspire.com.test.StoriesTest
java_class_path (initial): C:\Users\aalhajhasan\Desktop\Automation-Web\target\test-classes;C:\Users\aalhajhasan\Desktop\Automation-Web\target\classes;C:\Users\aalhajhasan\.m2\repository\org\testng\testng\6.9.10\testng-6.9.10.jar;C:\Users\aalhajhasan\.m2\repository\com\beust\jcommander\1.48\jcommander-1.48.jar;C:\Users\aalhajhasan\.m2\repository\org\beanshell\bsh\2.0b4\bsh-2.0b4.jar;C:\Users\aalhajhasan\.m2\repository\org\jsoup\jsoup\1.7.1\jsoup-1.7.1.jar;C:\Users\aalhajhasan\.m2\repository\com\github\AspireInfotech\Automation-Util\v4.2.4\Automation-Util-v4.2.4.jar;C:\Users\aalhajhasan\.m2\repository\com\itelg\xpath-helper\0.4.6-RELEASE\xpath-helper-0.4.6-RELEASE.jar;C:\Users\aalhajhasan\.m2\repository\org\slf4j\slf4j-api\1.7.21\slf4j-api-1.7.21.jar;C:\Users\aalhajhasan\.m2\repository\joda-time\joda-time\2.9.3\joda-time-2.9.3.jar;C:\Users\aalhajhasan\.m2\repository\xml-apis\xml-apis\1.4.01\xml-apis-1.4.01.jar;C:\Users\aalhajhasan\.m2\repository\org\seleniumhq\selenium\selenium-remote-driver\2.53.1\selenium-remote-driver-2.53.1.jar;C:\Users\aalhajhasan\.m2\repository\com\google\code\gson\gson\2.3.1\gson-2.3.1.jar;C:\Users\aalhajhasan\.m2\repository\org\seleniumhq\selenium\selenium-api\2.53.1\selenium-api-2.53.1.jar;C:\Users\aalhajhasan\.m2\repository\org\apache\commons\commons-exec\1.3\commons-exec-1.3.jar;C:\Users\aalhajhasan\.m2\repository\net\java\dev\jna\jna\4.1.0\jna-4.1.0.jar;C:\Users\aalhajhasan\.m2\repository\net\java\dev\jna\jna-platform\4.1.0\jna-platform-4.1.0.jar;C:\Users\aalhajhasan\.m2\repository\org\jbehave\web\jbehave-web-selenium\3.6-beta-2\jbehave-web-selenium-3.6-beta-2.jar;C:\Users\aalhajhasan\.m2\repository\com\github\detro\ghostdriver\phantomjsdriver\1.0.4\phantomjsdriver-1.0.4.jar;C:\Users\aalhajhasan\.m2\repository\org\seleniumhq\selenium\selenium-java\2.52.0\selenium-java-2.52.0.jar;C:\Users\aalhajhasan\.m2\repository\org\seleniumhq\selenium\selenium-chrome-driver\2.52.0\selenium-chrome-driver-2.52.0.jar;C:\Users\aalhajhasan\.m2\repository\o
Launcher Type: SUN_STANDARD

Environment Variables:
PATH=C:/Program Files/Java/jre1.8.0_151/bin/server;C:/Program Files/Java/jre1.8.0_151/bin;C:/Program Files/Java/jre1.8.0_151/lib/amd64;C:\Program Files\AuthenTec TrueSuite\;C:\Program Files\AuthenTec TrueSuite\x86;C:\ProgramData\Oracle\Java\javapath;C:\Windows\system32;C:\Windows;C:\Windows\System32\Wbem;C:\Windows\System32\WindowsPowerShell\v1.0\;C:\Program Files\Intel\WiFi\bin\;C:\Program Files\Common Files\Intel\WirelessCommon\;C:\Program Files (x86)\Skype\Phone\;C:\apache-maven-3.5.0\bin;C:\Program Files\Java\jdk1.8.0_131\bin;C:\Users\aalhajhasan\AppData\Local\Programs\Fiddler;C:\Users\aalhajhasan\Desktop\eclipse;
USERNAME=aalhajhasan
OS=Windows_NT
PROCESSOR_IDENTIFIER=Intel64 Family 6 Model 37 Stepping 5, GenuineIntel



---------------  S Y S T E M  ---------------

OS: Windows 7 , 64 bit Build 7601 (6.1.7601.23807)

CPU:total 4 (initial active 4) (2 cores per cpu, 2 threads per core) family 6 model 37 stepping 5, cmov, cx8, fxsr, mmx, sse, sse2, sse3, ssse3, sse4.1, sse4.2, popcnt, aes, clmul, ht, tsc, tscinvbit

Memory: 4k page, physical 8180172k(1697376k free), swap 16358484k(8476456k free)

vm_info: Java HotSpot(TM) 64-Bit Server VM (25.151-b12) for windows-amd64 JRE (1.8.0_151-b12), built on Sep  5 2017 19:33:46 by "java_re" with MS VC++ 10.0 (VS2010)

time: Tue Oct 31 16:46:36 2017
elapsed time: 237 seconds (0d 0h 3m 57s)

